#
# A fatal error has been detected by the Java Runtime Environment:
#
#  EXCEPTION_ACCESS_VIOLATION (0xc0000005) at pc=0x00007ffdc93c1bd5, pid=13904, tid=21516
#
# JRE version:  (11.0.16.1+1) (build )
# Java VM: OpenJDK 64-Bit Server VM (11.0.16.1+1, mixed mode, sharing, tiered, unknown gc, windows-amd64)
# Problematic frame:
# C  [jimage.dll+0x1bd5]
#
# No core dump will be written. Minidumps are not enabled by default on client versions of Windows
#
#

---------------  S U M M A R Y ------------

Command Line: 

Host: Intel(R) Core(TM) i7-7700K CPU @ 4.20GHz, 8 cores, 15G,  Windows 10 , 64 bit Build 19041 (10.0.19041.1889)
Time: Fri Nov  4 19:59:06 2022 Argentina Standard Time elapsed time: 0.048535 seconds (0d 0h 0m 0s)

---------------  T H R E A D  ---------------

Current thread is native thread

Stack: [0x000000a920000000,0x000000a920100000],  sp=0x000000a9200fd150,  free space=1012k
Native frames: (J=compiled Java code, j=interpreted, Vv=VM code, C=native code)
C  [jimage.dll+0x1bd5]


siginfo: EXCEPTION_ACCESS_VIOLATION (0xc0000005), reading address 0x0000000000017d8c


Registers:
RAX=0x0000000000005f5c, RBX=0x000000a9200fd241, RCX=0x00007ffdc93c6000, RDX=0x0000000000005f5c
RSP=0x000000a9200fd150, RBP=0x000000a9200fd240, RSI=0x00000000000084fc, RDI=0x000000a9200fd240
R8 =0x00007ffdc93c4268, R9 =0x000000000000001c, R10=0x00007ffd389b9c00, R11=0x00007ffdc93c6000
R12=0x000000a9200ff8e0, R13=0x0000000000000000, R14=0x000000a9200fe2b0, R15=0x00007ffd389b9c78
RIP=0x00007ffdc93c1bd5, EFLAGS=0x0000000000010246

Top of Stack: (sp=0x000000a9200fd150)
0x000000a9200fd150:   00007ffdc93c8000 0000000000000000
0x000000a9200fd160:   00007ffd01000020 000000a9200fd910
0x000000a9200fd170:   0000028e8a68ee60 00007ffdc93c1d63
0x000000a9200fd180:   000000000000000b 0000028e8a68ee60
0x000000a9200fd190:   0000000000000070 0000000000000000
0x000000a9200fd1a0:   0000000000000000 0000000000000000
0x000000a9200fd1b0:   0000000000000000 0000000000000000
0x000000a9200fd1c0:   0000000000000000 0000000000000000
0x000000a9200fd1d0:   0000000000000000 0000000000000000
0x000000a9200fd1e0:   000092342fe5dcc1 0000000000000000
0x000000a9200fd1f0:   00007ffd38996b28 0000000000000017
0x000000a9200fd200:   0000028e8a68ee60 000000a9200fe2b0
0x000000a9200fd210:   000000000000000b 00007ffdc93c2641
0x000000a9200fd220:   0000000000000002 0000000000000002
0x000000a9200fd230:   0000b17ee7790000 0000b17ee779b443
0x000000a9200fd240:   61622e6176616a2f 692f6b646a2f6573 

Instructions: (pc=0x00007ffdc93c1bd5)
0x00007ffdc93c1ad5:   48 85 c9 74 1d 80 3d 2f 45 00 00 00 74 06 48 8b
0x00007ffdc93c1ae5:   53 18 eb 04 48 8b 53 40 e8 ae 0e 00 00 48 83 63
0x00007ffdc93c1af5:   48 00 8b 4b 0c 83 f9 ff 74 09 e8 e4 0c 00 00 83
0x00007ffdc93c1b05:   4b 0c ff 48 8b 4b 70 48 85 c9 74 0f ba 10 00 00
0x00007ffdc93c1b15:   00 e8 fd 0e 00 00 48 83 63 70 00 48 83 c4 20 5b
0x00007ffdc93c1b25:   c3 cc cc 40 53 48 83 ec 20 48 8b d9 48 8d 0d e8
0x00007ffdc93c1b35:   46 00 00 e8 b3 0c 00 00 83 6b 08 01 75 24 48 8b
0x00007ffdc93c1b45:   d3 48 8d 0d cb 44 00 00 e8 22 08 00 00 48 8b cb
0x00007ffdc93c1b55:   e8 de fe ff ff ba 78 00 00 00 48 8b cb e8 b1 0e
0x00007ffdc93c1b65:   00 00 48 8d 0d b2 46 00 00 48 83 c4 20 5b e9 80
0x00007ffdc93c1b75:   0c 00 00 48 89 5c 24 08 48 89 74 24 10 57 48 83
0x00007ffdc93c1b85:   ec 20 41 8b f1 4d 8b c8 48 8b fa 4c 8b d9 4d 85
0x00007ffdc93c1b95:   c0 74 78 85 f6 74 74 44 8a 12 48 8d 5a 01 48 8b
0x00007ffdc93c1ba5:   d3 b8 93 01 00 01 eb 12 69 c0 93 01 00 01 41 0f
0x00007ffdc93c1bb5:   b6 ca 44 8a 12 33 c1 48 ff c2 45 84 d2 75 e9 4d
0x00007ffdc93c1bc5:   8b 03 0f ba f0 1f 33 d2 49 8b cb f7 f6 48 63 c2
0x00007ffdc93c1bd5:   41 8b 14 81 41 ff 50 08 85 c0 7e 24 8a 0f eb 10
0x00007ffdc93c1be5:   69 c0 93 01 00 01 0f b6 c9 33 c1 8a 0b 48 ff c3
0x00007ffdc93c1bf5:   84 c9 75 ec 0f ba f0 1f 33 d2 f7 f6 8b c2 eb 0e
0x00007ffdc93c1c05:   79 09 83 c9 ff 2b c8 8b c1 eb 03 83 c8 ff 48 8b
0x00007ffdc93c1c15:   5c 24 30 48 8b 74 24 38 48 83 c4 20 5f c3 cc 48
0x00007ffdc93c1c25:   89 5c 24 08 48 89 74 24 10 57 48 83 ec 20 48 8b
0x00007ffdc93c1c35:   f1 48 8d 0d e3 45 00 00 e8 ae 0b 00 00 33 ff 39
0x00007ffdc93c1c45:   3d ce 43 00 00 76 24 48 8b 05 cd 43 00 00 48 8b
0x00007ffdc93c1c55:   d6 48 8b 1c f8 48 8b 0b e8 be 1e 00 00 85 c0 74
0x00007ffdc93c1c65:   2b ff c7 3b 3d aa 43 00 00 72 dc 33 db 48 8d 0d
0x00007ffdc93c1c75:   a7 45 00 00 e8 7a 0b 00 00 48 8b 74 24 38 48 8b
0x00007ffdc93c1c85:   c3 48 8b 5c 24 30 48 83 c4 20 5f c3 ff 43 08 eb
0x00007ffdc93c1c95:   dc cc cc 48 89 5c 24 08 48 89 74 24 10 57 48 83
0x00007ffdc93c1ca5:   ec 20 48 8b d9 48 8b f2 48 8b 49 10 49 8b f8 8b
0x00007ffdc93c1cb5:   53 30 48 8b 01 ff 50 20 4c 8b 43 50 48 8b d6 48
0x00007ffdc93c1cc5:   8b 4b 10 44 8b c8 e8 a8 fe ff ff 83 f8 ff 74 38 



---------------  P R O C E S S  ---------------

VM state:not at safepoint (not fully initialized)

VM Mutex/Monitor currently owned by a thread: None


Dynamic libraries:
0x00007ff61ec10000 - 0x00007ff61ec1d000 	C:\Program Files\Eclipse Adoptium\jdk-11.0.16.101-hotspot\bin\java.exe
0x00007ffdd0250000 - 0x00007ffdd0448000 	C:\WINDOWS\SYSTEM32\ntdll.dll
0x00007ffdce430000 - 0x00007ffdce4ed000 	C:\WINDOWS\System32\KERNEL32.DLL
0x00007ffdcd9d0000 - 0x00007ffdcdc9e000 	C:\WINDOWS\System32\KERNELBASE.dll
0x00007ffdcdf60000 - 0x00007ffdce060000 	C:\WINDOWS\System32\ucrtbase.dll
0x00007ffdc10c0000 - 0x00007ffdc10d5000 	C:\Program Files\Eclipse Adoptium\jdk-11.0.16.101-hotspot\bin\VCRUNTIME140.dll
0x00007ffdc10a0000 - 0x00007ffdc10b7000 	C:\Program Files\Eclipse Adoptium\jdk-11.0.16.101-hotspot\bin\jli.dll
0x00007ffdced40000 - 0x00007ffdceee0000 	C:\WINDOWS\System32\USER32.dll
0x00007ffdc1c00000 - 0x00007ffdc1e9a000 	C:\WINDOWS\WinSxS\amd64_microsoft.windows.common-controls_6595b64144ccf1df_6.0.19041.1110_none_60b5254171f9507e\COMCTL32.dll
0x00007ffdcd9a0000 - 0x00007ffdcd9c2000 	C:\WINDOWS\System32\win32u.dll
0x00007ffdce2c0000 - 0x00007ffdce35e000 	C:\WINDOWS\System32\msvcrt.dll
0x00007ffdce9e0000 - 0x00007ffdcea0a000 	C:\WINDOWS\System32\GDI32.dll
0x00007ffdce110000 - 0x00007ffdce21b000 	C:\WINDOWS\System32\gdi32full.dll
0x00007ffdcde50000 - 0x00007ffdcdeed000 	C:\WINDOWS\System32\msvcp_win.dll
0x00007ffdce900000 - 0x00007ffdce930000 	C:\WINDOWS\System32\IMM32.DLL
0x00007ffdb2fe0000 - 0x00007ffdb307b000 	C:\Program Files\Eclipse Adoptium\jdk-11.0.16.101-hotspot\bin\msvcp140.dll
0x00007ffd38120000 - 0x00007ffd38ca2000 	C:\Program Files\Eclipse Adoptium\jdk-11.0.16.101-hotspot\bin\server\jvm.dll
0x00007ffdce850000 - 0x00007ffdce8fe000 	C:\WINDOWS\System32\ADVAPI32.dll
0x00007ffdcfa20000 - 0x00007ffdcfabc000 	C:\WINDOWS\System32\sechost.dll
0x00007ffdcf8f0000 - 0x00007ffdcfa15000 	C:\WINDOWS\System32\RPCRT4.dll
0x00007ffdcf640000 - 0x00007ffdcf648000 	C:\WINDOWS\System32\PSAPI.DLL
0x00007ffdc98a0000 - 0x00007ffdc98a9000 	C:\WINDOWS\SYSTEM32\WSOCK32.dll
0x00007ffdc1b50000 - 0x00007ffdc1b77000 	C:\WINDOWS\SYSTEM32\WINMM.dll
0x00007ffdc93f0000 - 0x00007ffdc93fa000 	C:\WINDOWS\SYSTEM32\VERSION.dll
0x00007ffdcf5d0000 - 0x00007ffdcf63b000 	C:\WINDOWS\System32\WS2_32.dll
0x00007ffdcb880000 - 0x00007ffdcb892000 	C:\WINDOWS\SYSTEM32\kernel.appcore.dll
0x00007ffdc97c0000 - 0x00007ffdc97d0000 	C:\Program Files\Eclipse Adoptium\jdk-11.0.16.101-hotspot\bin\verify.dll
0x00007ffdc8520000 - 0x00007ffdc8704000 	C:\WINDOWS\SYSTEM32\DBGHELP.DLL
0x00007ffdc2310000 - 0x00007ffdc233c000 	C:\WINDOWS\SYSTEM32\dbgcore.DLL
0x00007ffdce220000 - 0x00007ffdce2a2000 	C:\WINDOWS\System32\bcryptPrimitives.dll
0x00007ffdc1060000 - 0x00007ffdc1088000 	C:\Program Files\Eclipse Adoptium\jdk-11.0.16.101-hotspot\bin\java.dll
0x00007ffdc93c0000 - 0x00007ffdc93ca000 	C:\Program Files\Eclipse Adoptium\jdk-11.0.16.101-hotspot\bin\jimage.dll

dbghelp: loaded successfully - version: 4.0.5 - missing functions: none
symbol engine: initialized successfully - sym options: 0x614 - pdb path: .;C:\Program Files\Eclipse Adoptium\jdk-11.0.16.101-hotspot\bin;C:\WINDOWS\SYSTEM32;C:\WINDOWS\WinSxS\amd64_microsoft.windows.common-controls_6595b64144ccf1df_6.0.19041.1110_none_60b5254171f9507e;C:\Program Files\Eclipse Adoptium\jdk-11.0.16.101-hotspot\bin\server

VM Arguments:
java_command: <unknown>
java_class_path (initial): <not set>
Launcher Type: SUN_STANDARD

[Global flags]
     bool UseLargePagesIndividualAllocation        = false                                  {pd product} {ergonomic}

Logging:
Log output configuration:
 #0: stdout all=warning uptime,level,tags
 #1: stderr all=off uptime,level,tags

Environment Variables:
PATH=C:\Users\jpfre\Documents\UADE\TPF\ChiroServant\android\node_modules\.bin;C:\Users\jpfre\Documents\UADE\TPF\ChiroServant\node_modules\.bin;C:\Users\jpfre\Documents\UADE\TPF\node_modules\.bin;C:\Users\jpfre\Documents\UADE\node_modules\.bin;C:\Users\jpfre\Documents\node_modules\.bin;C:\Users\jpfre\node_modules\.bin;C:\Users\node_modules\.bin;C:\node_modules\.bin;C:\Program Files\nodejs;C:\Users\jpfre\Documents\UADE\TPF\ChiroServant\node_modules\.bin;C:\Users\jpfre\Documents\UADE\TPF\node_modules\.bin;C:\Users\jpfre\Documents\UADE\node_modules\.bin;C:\Users\jpfre\Documents\node_modules\.bin;C:\Users\jpfre\node_modules\.bin;C:\Users\node_modules\.bin;C:\node_modules\.bin;C:\Program Files\nodejs\node_modules\npm\node_modules\@npmcli\run-script\lib\node-gyp-bin;C:\Program Files\Eclipse Adoptium\jdk-11.0.16.101-hotspot\bin;C:\Python310\Scripts\;C:\Python310\;C:\ProgramData\Oracle\Java\javapath;C:\Program Files\Oculus\Support\oculus-runtime;C:\WINDOWS\system32;C:\WINDOWS;C:\WINDOWS\System32\Wbem;C:\WINDOWS\System32\WindowsPowerShell\v1.0\;C:\WINDOWS\System32\OpenSSH\;C:\Program Files (x86)\NVIDIA Corporation\PhysX\Common;C:\Program Files\dotnet\;C:\Program Files\nodejs\;C:\ProgramData\chocolatey\bin;C:\Program Files\Git\cmd;C:\Users\jpfre\AppData\Local\Microsoft\WindowsApps;C:\Users\jpfre\AppData\Roaming\npm;C:\Users\jpfre\AppData\Local\Android\Sdk\platform-tools;C:\Users\jpfre\AppData\Local\Programs\Microsoft VS Code\bin;C:\Users\jpfre\Documents\UADE\TPF\ChiroServant\node_modules\.bin
USERNAME=jpfre
LANG=en_US.UTF-8
OS=Windows_NT
PROCESSOR_IDENTIFIER=Intel64 Family 6 Model 158 Stepping 9, GenuineIntel
TMP=C:\Users\jpfre\AppData\Local\Temp
TEMP=C:\Users\jpfre\AppData\Local\Temp



---------------  S Y S T E M  ---------------

OS: Windows 10 , 64 bit Build 19041 (10.0.19041.1889)
OS uptime: 44 days 23:00 hours

CPU:total 8 (initial active 0) 

Memory: 4k page, system-wide physical 16341M (3779M free)
TotalPageFile size 46014M (AvailPageFile size 3M)
current process WorkingSet (physical memory assigned to process): 7M, peak: 7M
current process commit charge ("private bytes"): 3M, peak: 3M

vm_info: OpenJDK 64-Bit Server VM (11.0.16.1+1) for windows-amd64 JRE (11.0.16.1+1), built on Aug 16 2022 02:58:04 by "" with MS VC++ 15.9 (VS2017)

END.
